<?xml version="1.0" encoding="UTF-8"?>
<!-- Generated by org.testng.reporters.JUnitReportReporter -->
<testsuite skipped="0" hostname="Srinath" name="Testscripts.PageTest" tests="1" failures="0" timestamp="25 Jun 2018 08:42:03 GMT" time="65.821" errors="0">
  <testcase name="testproject" time="65.821" classname="Testscripts.PageTest"/>
</testsuite> <!-- Testscripts.PageTest -->
