<?xml version="1.0" encoding="UTF-8"?>
<!-- Generated by org.testng.reporters.JUnitReportReporter -->
<testsuite skipped="0" hostname="Srinath" name="Testscripts.DeletePhotoTest" tests="1" failures="0" timestamp="20 Jun 2018 13:09:19 GMT" time="37.531" errors="0">
  <testcase name="deletePhoto" time="37.531" classname="Testscripts.DeletePhotoTest"/>
</testsuite> <!-- Testscripts.DeletePhotoTest -->
