<?xml version="1.0" encoding="UTF-8"?>
<!-- Generated by org.testng.reporters.JUnitReportReporter -->
<testsuite skipped="0" hostname="Srinath" name="Testscripts.DeleteResumeTest" tests="1" failures="0" timestamp="25 Jun 2018 08:42:04 GMT" time="69.012" errors="0">
  <testcase name="resumeDeletion" time="69.012" classname="Testscripts.DeleteResumeTest"/>
</testsuite> <!-- Testscripts.DeleteResumeTest -->
