<?xml version="1.0" encoding="UTF-8"?>
<!-- Generated by org.testng.reporters.JUnitReportReporter -->
<testsuite skipped="0" hostname="Srinath" name="Testscripts.CompanyFollowTest" tests="1" failures="0" timestamp="25 Jun 2018 08:42:04 GMT" time="46.242" errors="0">
  <testcase name="followingCompanyProfile" time="46.242" classname="Testscripts.CompanyFollowTest"/>
</testsuite> <!-- Testscripts.CompanyFollowTest -->
