<?xml version="1.0" encoding="UTF-8"?>
<!-- Generated by org.testng.reporters.JUnitReportReporter -->
<testsuite skipped="0" hostname="Srinath" name="Testscripts.LoginTest" tests="1" failures="0" timestamp="25 Jun 2018 08:42:03 GMT" time="49.651" errors="0">
  <testcase name="Login" time="49.651" classname="Testscripts.LoginTest"/>
</testsuite> <!-- Testscripts.LoginTest -->
