<?xml version="1.0" encoding="UTF-8"?>
<!-- Generated by org.testng.reporters.JUnitReportReporter -->
<testsuite skipped="0" hostname="Srinath" name="Testscripts.KeySkillTest" tests="1" failures="0" timestamp="25 Jun 2018 08:42:04 GMT" time="55.720" errors="0">
  <testcase name="keySkillTest" time="55.720" classname="Testscripts.KeySkillTest"/>
</testsuite> <!-- Testscripts.KeySkillTest -->
