<?xml version="1.0" encoding="UTF-8"?>
<!-- Generated by org.testng.reporters.JUnitReportReporter -->
<testsuite skipped="0" hostname="Srinath" name="Testscripts.UploadTest" tests="1" failures="0" timestamp="21 Jun 2018 07:10:39 GMT" time="101.876" errors="0">
  <testcase name="uploadingCV" time="101.876" classname="Testscripts.UploadTest"/>
</testsuite> <!-- Testscripts.UploadTest -->
