<?xml version="1.0" encoding="UTF-8"?>
<!-- Generated by org.testng.reporters.JUnitReportReporter -->
<testsuite skipped="0" hostname="Srinath" name="Testscripts.DeleteTest" tests="1" failures="0" timestamp="20 Jun 2018 10:33:55 GMT" time="72.494" errors="0">
  <testcase name="Education" time="72.494" classname="Testscripts.DeleteTest"/>
</testsuite> <!-- Testscripts.DeleteTest -->
